TN:
SF:src/app.js
FN:10,(anonymous_0)
FN:11,(anonymous_1)
FN:20,(anonymous_2)
FN:21,(anonymous_3)
FN:26,(anonymous_4)
FN:27,(anonymous_5)
FN:31,(anonymous_6)
FNF:7
FNH:7
FNDA:1,(anonymous_0)
FNDA:4,(anonymous_1)
FNDA:7,(anonymous_2)
FNDA:14,(anonymous_3)
FNDA:1,(anonymous_4)
FNDA:1,(anonymous_5)
FNDA:1,(anonymous_6)
DA:1,1
DA:2,1
DA:4,1
DA:5,1
DA:8,1
DA:10,1
DA:12,4
DA:13,4
DA:14,4
DA:18,1
DA:21,14
DA:22,7
DA:23,3
DA:24,3
DA:26,1
DA:28,1
DA:29,1
DA:32,1
DA:33,1
DA:34,1
DA:37,1
LF:21
LH:21
BRDA:22,0,0,4
BRDA:22,0,1,3
BRF:2
BRH:2
end_of_record
